[debug] [2024-11-05T09:58:51.231Z] ----------------------------------------------------------------------
[debug] [2024-11-05T09:58:51.235Z] Command:       C:\Program Files\nodejs\node.exe C:\Users\wwwch\AppData\Roaming\npm\node_modules\firebase-tools\lib\bin\firebase.js deploy
[debug] [2024-11-05T09:58:51.235Z] CLI Version:   13.24.0
[debug] [2024-11-05T09:58:51.235Z] Platform:      win32
[debug] [2024-11-05T09:58:51.235Z] Node Version:  v20.11.0
[debug] [2024-11-05T09:58:51.235Z] Time:          Tue Nov 05 2024 15:28:51 GMT+0530 (India Standard Time)
[debug] [2024-11-05T09:58:51.235Z] ----------------------------------------------------------------------
[debug] 
[debug] [2024-11-05T09:58:51.305Z] > command requires scopes: ["email","openid","https://www.googleapis.com/auth/cloudplatformprojects.readonly","https://www.googleapis.com/auth/firebase","https://www.googleapis.com/auth/cloud-platform"]
[debug] [2024-11-05T09:58:51.305Z] > authorizing via signed-in user (www.champaghosha.12345@gmail.com)
[debug] [2024-11-05T09:58:51.306Z] [iam] checking project railway-reservation-csbs for permissions ["cloudconfig.configs.get","cloudconfig.configs.update","cloudsql.databases.create","cloudsql.databases.update","cloudsql.instances.connect","cloudsql.instances.create","cloudsql.instances.get","cloudsql.instances.list","cloudsql.instances.update","cloudsql.users.create","datastore.indexes.create","datastore.indexes.delete","datastore.indexes.list","datastore.indexes.update","firebase.projects.get","firebasedatabase.instances.update","firebasedataconnect.connectors.create","firebasedataconnect.connectors.delete","firebasedataconnect.connectors.list","firebasedataconnect.connectors.update","firebasedataconnect.operations.get","firebasedataconnect.schemas.create","firebasedataconnect.schemas.delete","firebasedataconnect.schemas.list","firebasedataconnect.schemas.update","firebasedataconnect.services.create","firebasedataconnect.services.delete","firebasedataconnect.services.list","firebasedataconnect.services.update","firebasehosting.sites.update"]
[debug] [2024-11-05T09:58:51.307Z] Checked if tokens are valid: true, expires at: 1730803143042
[debug] [2024-11-05T09:58:51.307Z] Checked if tokens are valid: true, expires at: 1730803143042
[debug] [2024-11-05T09:58:51.308Z] >>> [apiv2][query] POST https://cloudresourcemanager.googleapis.com/v1/projects/railway-reservation-csbs:testIamPermissions [none]
[debug] [2024-11-05T09:58:51.308Z] >>> [apiv2][(partial)header] POST https://cloudresourcemanager.googleapis.com/v1/projects/railway-reservation-csbs:testIamPermissions x-goog-quota-user=projects/railway-reservation-csbs
[debug] [2024-11-05T09:58:51.308Z] >>> [apiv2][body] POST https://cloudresourcemanager.googleapis.com/v1/projects/railway-reservation-csbs:testIamPermissions {"permissions":["cloudconfig.configs.get","cloudconfig.configs.update","cloudsql.databases.create","cloudsql.databases.update","cloudsql.instances.connect","cloudsql.instances.create","cloudsql.instances.get","cloudsql.instances.list","cloudsql.instances.update","cloudsql.users.create","datastore.indexes.create","datastore.indexes.delete","datastore.indexes.list","datastore.indexes.update","firebase.projects.get","firebasedatabase.instances.update","firebasedataconnect.connectors.create","firebasedataconnect.connectors.delete","firebasedataconnect.connectors.list","firebasedataconnect.connectors.update","firebasedataconnect.operations.get","firebasedataconnect.schemas.create","firebasedataconnect.schemas.delete","firebasedataconnect.schemas.list","firebasedataconnect.schemas.update","firebasedataconnect.services.create","firebasedataconnect.services.delete","firebasedataconnect.services.list","firebasedataconnect.services.update","firebasehosting.sites.update"]}
[debug] [2024-11-05T09:58:53.128Z] <<< [apiv2][status] POST https://cloudresourcemanager.googleapis.com/v1/projects/railway-reservation-csbs:testIamPermissions 200
[debug] [2024-11-05T09:58:53.128Z] <<< [apiv2][body] POST https://cloudresourcemanager.googleapis.com/v1/projects/railway-reservation-csbs:testIamPermissions {"permissions":["cloudconfig.configs.get","cloudconfig.configs.update","cloudsql.databases.create","cloudsql.databases.update","cloudsql.instances.connect","cloudsql.instances.create","cloudsql.instances.get","cloudsql.instances.list","cloudsql.instances.update","cloudsql.users.create","datastore.indexes.create","datastore.indexes.delete","datastore.indexes.list","datastore.indexes.update","firebase.projects.get","firebasedatabase.instances.update","firebasedataconnect.connectors.create","firebasedataconnect.connectors.delete","firebasedataconnect.connectors.list","firebasedataconnect.connectors.update","firebasedataconnect.operations.get","firebasedataconnect.schemas.create","firebasedataconnect.schemas.delete","firebasedataconnect.schemas.list","firebasedataconnect.schemas.update","firebasedataconnect.services.create","firebasedataconnect.services.delete","firebasedataconnect.services.list","firebasedataconnect.services.update","firebasehosting.sites.update"]}
[debug] [2024-11-05T09:58:53.129Z] Checked if tokens are valid: true, expires at: 1730803143042
[debug] [2024-11-05T09:58:53.129Z] Checked if tokens are valid: true, expires at: 1730803143042
[debug] [2024-11-05T09:58:53.129Z] >>> [apiv2][query] GET https://firebase.googleapis.com/v1beta1/projects/railway-reservation-csbs [none]
[debug] [2024-11-05T09:58:53.761Z] <<< [apiv2][status] GET https://firebase.googleapis.com/v1beta1/projects/railway-reservation-csbs 200
[debug] [2024-11-05T09:58:53.761Z] <<< [apiv2][body] GET https://firebase.googleapis.com/v1beta1/projects/railway-reservation-csbs {"projectId":"railway-reservation-csbs","projectNumber":"423531585880","displayName":"Railway Reservation CSBS","name":"projects/railway-reservation-csbs","resources":{"hostingSite":"railway-reservation-csbs","realtimeDatabaseInstance":"railway-reservation-csbs-default-rtdb"},"state":"ACTIVE","etag":"1_f38760d0-dce0-45e8-9277-f9d4838bcb57"}
[debug] [2024-11-05T09:58:53.761Z] Checked if tokens are valid: true, expires at: 1730803143042
[debug] [2024-11-05T09:58:53.761Z] Checked if tokens are valid: true, expires at: 1730803143042
[debug] [2024-11-05T09:58:53.761Z] >>> [apiv2][query] GET https://firebase.googleapis.com/v1beta1/projects/railway-reservation-csbs [none]
[debug] [2024-11-05T09:58:54.143Z] <<< [apiv2][status] GET https://firebase.googleapis.com/v1beta1/projects/railway-reservation-csbs 200
[debug] [2024-11-05T09:58:54.143Z] <<< [apiv2][body] GET https://firebase.googleapis.com/v1beta1/projects/railway-reservation-csbs {"projectId":"railway-reservation-csbs","projectNumber":"423531585880","displayName":"Railway Reservation CSBS","name":"projects/railway-reservation-csbs","resources":{"hostingSite":"railway-reservation-csbs","realtimeDatabaseInstance":"railway-reservation-csbs-default-rtdb"},"state":"ACTIVE","etag":"1_f38760d0-dce0-45e8-9277-f9d4838bcb57"}
[debug] [2024-11-05T09:58:59.099Z] Checked if tokens are valid: true, expires at: 1730803143042
[debug] [2024-11-05T09:58:59.099Z] Checked if tokens are valid: true, expires at: 1730803143042
[debug] [2024-11-05T09:58:59.100Z] >>> [apiv2][query] GET https://firebasehosting.googleapis.com/v1beta1/projects/railway-reservation-csbs/sites pageToken=&pageSize=10
[debug] [2024-11-05T09:59:00.691Z] <<< [apiv2][status] GET https://firebasehosting.googleapis.com/v1beta1/projects/railway-reservation-csbs/sites 200
[debug] [2024-11-05T09:59:00.691Z] <<< [apiv2][body] GET https://firebasehosting.googleapis.com/v1beta1/projects/railway-reservation-csbs/sites {"sites":[{"name":"projects/railway-reservation-csbs/sites/railway-reservation-csbs","defaultUrl":"https://railway-reservation-csbs.web.app","type":"DEFAULT_SITE"},{"name":"projects/railway-reservation-csbs/sites/railways-csbs","defaultUrl":"https://railways-csbs.web.app","appId":"1:423531585880:web:f11489659968489728452d","type":"USER_SITE"}]}
[debug] [2024-11-05T09:59:00.692Z] Checked if tokens are valid: true, expires at: 1730803143042
[debug] [2024-11-05T09:59:00.692Z] Checked if tokens are valid: true, expires at: 1730803143042
[debug] [2024-11-05T09:59:00.692Z] >>> [apiv2][query] GET https://firebasehosting.googleapis.com/v1beta1/projects/railway-reservation-csbs/sites 
[debug] [2024-11-05T09:59:01.266Z] <<< [apiv2][status] GET https://firebasehosting.googleapis.com/v1beta1/projects/railway-reservation-csbs/sites 200
[debug] [2024-11-05T09:59:01.266Z] <<< [apiv2][body] GET https://firebasehosting.googleapis.com/v1beta1/projects/railway-reservation-csbs/sites {"sites":[{"name":"projects/railway-reservation-csbs/sites/railway-reservation-csbs","defaultUrl":"https://railway-reservation-csbs.web.app","type":"DEFAULT_SITE"},{"name":"projects/railway-reservation-csbs/sites/railways-csbs","defaultUrl":"https://railways-csbs.web.app","appId":"1:423531585880:web:f11489659968489728452d","type":"USER_SITE"}]}
[debug] [2024-11-05T09:59:01.267Z] Checked if tokens are valid: true, expires at: 1730803143042
[debug] [2024-11-05T09:59:01.267Z] Checked if tokens are valid: true, expires at: 1730803143042
[debug] [2024-11-05T09:59:01.267Z] >>> [apiv2][query] GET https://firebase.googleapis.com/v1beta1/projects/railway-reservation-csbs/webApps/-/config [none]
[debug] [2024-11-05T09:59:02.290Z] <<< [apiv2][status] GET https://firebase.googleapis.com/v1beta1/projects/railway-reservation-csbs/webApps/-/config 200
[debug] [2024-11-05T09:59:02.290Z] <<< [apiv2][body] GET https://firebase.googleapis.com/v1beta1/projects/railway-reservation-csbs/webApps/-/config {"projectId":"railway-reservation-csbs","appId":"1:423531585880:web:f11489659968489728452d","databaseURL":"https://railway-reservation-csbs-default-rtdb.asia-southeast1.firebasedatabase.app","storageBucket":"railway-reservation-csbs.firebasestorage.app","apiKey":"AIzaSyCJeSwlUc16LaCpbuoB20KBPzk1lTie5kQ","authDomain":"railway-reservation-csbs.firebaseapp.com","messagingSenderId":"423531585880","measurementId":"G-QPQJEZRD4T"}
[info] 
   Thank you for trying our early preview of Next.js support on Firebase Hosting.
   During the preview, support is best-effort and breaking changes can be expected. Proceed with caution.

   Documentation: https://firebase.google.com/docs/hosting/frameworks/nextjs
   File a bug: https://github.com/firebase/firebase-tools/issues/new?template=bug_report.md
   Submit a feature request: https://github.com/firebase/firebase-tools/issues/new?template=feature_request.md

   We'd love to learn from you. Express your interest in helping us shape the future of Firebase Hosting: https://goo.gle/41enW5X

[debug] [2024-11-05T09:59:15.034Z] Checked if tokens are valid: true, expires at: 1730803143042
[debug] [2024-11-05T09:59:15.034Z] Checked if tokens are valid: true, expires at: 1730803143042
[debug] [2024-11-05T09:59:15.035Z] >>> [apiv2][query] GET https://firebasehosting.googleapis.com/v1beta1/projects/railway-reservation-csbs/sites/railway-reservation-csbs [none]
[debug] [2024-11-05T09:59:16.318Z] <<< [apiv2][status] GET https://firebasehosting.googleapis.com/v1beta1/projects/railway-reservation-csbs/sites/railway-reservation-csbs 200
[debug] [2024-11-05T09:59:16.318Z] <<< [apiv2][body] GET https://firebasehosting.googleapis.com/v1beta1/projects/railway-reservation-csbs/sites/railway-reservation-csbs {"name":"projects/railway-reservation-csbs/sites/railway-reservation-csbs","defaultUrl":"https://railway-reservation-csbs.web.app","type":"DEFAULT_SITE"}
[info]    ▲ Next.js 14.1.3

[info] 

[info]    Creating an optimized production build ...

[info] uncaughtException [Error: EPERM: operation not permitted, open 'D:\wwwch\Documents\GitHub\railway-csbs\.next\trace'] {
  errno: -4048,
  code: 'EPERM',
  syscall: 'open',
  path: 'D:\\wwwch\\Documents\\GitHub\\railway-csbs\\.next\\trace'
}

[debug] [2024-11-05T09:59:30.560Z] Error: ENOENT: no such file or directory, open 'D:\wwwch\Documents\GitHub\railway-csbs\.next\server\middleware-manifest.json'
[error] 
[error] Error: An unexpected error has occurred.
[debug] [2024-11-05T10:05:48.477Z] ----------------------------------------------------------------------
[debug] [2024-11-05T10:05:48.479Z] Command:       C:\Program Files\nodejs\node.exe C:\Users\wwwch\AppData\Roaming\npm\node_modules\firebase-tools\lib\bin\firebase.js deploy
[debug] [2024-11-05T10:05:48.480Z] CLI Version:   13.24.0
[debug] [2024-11-05T10:05:48.480Z] Platform:      win32
[debug] [2024-11-05T10:05:48.480Z] Node Version:  v20.11.0
[debug] [2024-11-05T10:05:48.480Z] Time:          Tue Nov 05 2024 15:35:48 GMT+0530 (India Standard Time)
[debug] [2024-11-05T10:05:48.480Z] ----------------------------------------------------------------------
[debug] 
[debug] [2024-11-05T10:05:48.550Z] > command requires scopes: ["email","openid","https://www.googleapis.com/auth/cloudplatformprojects.readonly","https://www.googleapis.com/auth/firebase","https://www.googleapis.com/auth/cloud-platform"]
[debug] [2024-11-05T10:05:48.550Z] > authorizing via signed-in user (www.champaghosha.12345@gmail.com)
[debug] [2024-11-05T10:05:48.551Z] [iam] checking project railway-reservation-csbs for permissions ["cloudconfig.configs.get","cloudconfig.configs.update","cloudsql.databases.create","cloudsql.databases.update","cloudsql.instances.connect","cloudsql.instances.create","cloudsql.instances.get","cloudsql.instances.list","cloudsql.instances.update","cloudsql.users.create","datastore.indexes.create","datastore.indexes.delete","datastore.indexes.list","datastore.indexes.update","firebase.projects.get","firebasedatabase.instances.update","firebasedataconnect.connectors.create","firebasedataconnect.connectors.delete","firebasedataconnect.connectors.list","firebasedataconnect.connectors.update","firebasedataconnect.operations.get","firebasedataconnect.schemas.create","firebasedataconnect.schemas.delete","firebasedataconnect.schemas.list","firebasedataconnect.schemas.update","firebasedataconnect.services.create","firebasedataconnect.services.delete","firebasedataconnect.services.list","firebasedataconnect.services.update","firebasehosting.sites.update"]
[debug] [2024-11-05T10:05:48.552Z] Checked if tokens are valid: true, expires at: 1730803143042
[debug] [2024-11-05T10:05:48.552Z] Checked if tokens are valid: true, expires at: 1730803143042
[debug] [2024-11-05T10:05:48.553Z] >>> [apiv2][query] POST https://cloudresourcemanager.googleapis.com/v1/projects/railway-reservation-csbs:testIamPermissions [none]
[debug] [2024-11-05T10:05:48.553Z] >>> [apiv2][(partial)header] POST https://cloudresourcemanager.googleapis.com/v1/projects/railway-reservation-csbs:testIamPermissions x-goog-quota-user=projects/railway-reservation-csbs
[debug] [2024-11-05T10:05:48.553Z] >>> [apiv2][body] POST https://cloudresourcemanager.googleapis.com/v1/projects/railway-reservation-csbs:testIamPermissions {"permissions":["cloudconfig.configs.get","cloudconfig.configs.update","cloudsql.databases.create","cloudsql.databases.update","cloudsql.instances.connect","cloudsql.instances.create","cloudsql.instances.get","cloudsql.instances.list","cloudsql.instances.update","cloudsql.users.create","datastore.indexes.create","datastore.indexes.delete","datastore.indexes.list","datastore.indexes.update","firebase.projects.get","firebasedatabase.instances.update","firebasedataconnect.connectors.create","firebasedataconnect.connectors.delete","firebasedataconnect.connectors.list","firebasedataconnect.connectors.update","firebasedataconnect.operations.get","firebasedataconnect.schemas.create","firebasedataconnect.schemas.delete","firebasedataconnect.schemas.list","firebasedataconnect.schemas.update","firebasedataconnect.services.create","firebasedataconnect.services.delete","firebasedataconnect.services.list","firebasedataconnect.services.update","firebasehosting.sites.update"]}
[debug] [2024-11-05T10:05:50.273Z] <<< [apiv2][status] POST https://cloudresourcemanager.googleapis.com/v1/projects/railway-reservation-csbs:testIamPermissions 200
[debug] [2024-11-05T10:05:50.273Z] <<< [apiv2][body] POST https://cloudresourcemanager.googleapis.com/v1/projects/railway-reservation-csbs:testIamPermissions {"permissions":["cloudconfig.configs.get","cloudconfig.configs.update","cloudsql.databases.create","cloudsql.databases.update","cloudsql.instances.connect","cloudsql.instances.create","cloudsql.instances.get","cloudsql.instances.list","cloudsql.instances.update","cloudsql.users.create","datastore.indexes.create","datastore.indexes.delete","datastore.indexes.list","datastore.indexes.update","firebase.projects.get","firebasedatabase.instances.update","firebasedataconnect.connectors.create","firebasedataconnect.connectors.delete","firebasedataconnect.connectors.list","firebasedataconnect.connectors.update","firebasedataconnect.operations.get","firebasedataconnect.schemas.create","firebasedataconnect.schemas.delete","firebasedataconnect.schemas.list","firebasedataconnect.schemas.update","firebasedataconnect.services.create","firebasedataconnect.services.delete","firebasedataconnect.services.list","firebasedataconnect.services.update","firebasehosting.sites.update"]}
[debug] [2024-11-05T10:05:50.274Z] Checked if tokens are valid: true, expires at: 1730803143042
[debug] [2024-11-05T10:05:50.274Z] Checked if tokens are valid: true, expires at: 1730803143042
[debug] [2024-11-05T10:05:50.274Z] >>> [apiv2][query] GET https://firebase.googleapis.com/v1beta1/projects/railway-reservation-csbs [none]
[debug] [2024-11-05T10:05:51.005Z] <<< [apiv2][status] GET https://firebase.googleapis.com/v1beta1/projects/railway-reservation-csbs 200
[debug] [2024-11-05T10:05:51.005Z] <<< [apiv2][body] GET https://firebase.googleapis.com/v1beta1/projects/railway-reservation-csbs {"projectId":"railway-reservation-csbs","projectNumber":"423531585880","displayName":"Railway Reservation CSBS","name":"projects/railway-reservation-csbs","resources":{"hostingSite":"railway-reservation-csbs","realtimeDatabaseInstance":"railway-reservation-csbs-default-rtdb"},"state":"ACTIVE","etag":"1_f38760d0-dce0-45e8-9277-f9d4838bcb57"}
[debug] [2024-11-05T10:05:51.005Z] Checked if tokens are valid: true, expires at: 1730803143042
[debug] [2024-11-05T10:05:51.005Z] Checked if tokens are valid: true, expires at: 1730803143042
[debug] [2024-11-05T10:05:51.005Z] >>> [apiv2][query] GET https://firebase.googleapis.com/v1beta1/projects/railway-reservation-csbs [none]
[debug] [2024-11-05T10:05:51.391Z] <<< [apiv2][status] GET https://firebase.googleapis.com/v1beta1/projects/railway-reservation-csbs 200
[debug] [2024-11-05T10:05:51.391Z] <<< [apiv2][body] GET https://firebase.googleapis.com/v1beta1/projects/railway-reservation-csbs {"projectId":"railway-reservation-csbs","projectNumber":"423531585880","displayName":"Railway Reservation CSBS","name":"projects/railway-reservation-csbs","resources":{"hostingSite":"railway-reservation-csbs","realtimeDatabaseInstance":"railway-reservation-csbs-default-rtdb"},"state":"ACTIVE","etag":"1_f38760d0-dce0-45e8-9277-f9d4838bcb57"}
[debug] [2024-11-05T10:05:56.281Z] Checked if tokens are valid: true, expires at: 1730803143042
[debug] [2024-11-05T10:05:56.281Z] Checked if tokens are valid: true, expires at: 1730803143042
[debug] [2024-11-05T10:05:56.282Z] >>> [apiv2][query] GET https://firebasehosting.googleapis.com/v1beta1/projects/railway-reservation-csbs/sites pageToken=&pageSize=10
[debug] [2024-11-05T10:05:57.714Z] <<< [apiv2][status] GET https://firebasehosting.googleapis.com/v1beta1/projects/railway-reservation-csbs/sites 200
[debug] [2024-11-05T10:05:57.714Z] <<< [apiv2][body] GET https://firebasehosting.googleapis.com/v1beta1/projects/railway-reservation-csbs/sites {"sites":[{"name":"projects/railway-reservation-csbs/sites/railway-reservation-csbs","defaultUrl":"https://railway-reservation-csbs.web.app","type":"DEFAULT_SITE"},{"name":"projects/railway-reservation-csbs/sites/railways-csbs","defaultUrl":"https://railways-csbs.web.app","appId":"1:423531585880:web:f11489659968489728452d","type":"USER_SITE"}]}
[debug] [2024-11-05T10:05:57.714Z] Checked if tokens are valid: true, expires at: 1730803143042
[debug] [2024-11-05T10:05:57.714Z] Checked if tokens are valid: true, expires at: 1730803143042
[debug] [2024-11-05T10:05:57.715Z] >>> [apiv2][query] GET https://firebasehosting.googleapis.com/v1beta1/projects/railway-reservation-csbs/sites 
[debug] [2024-11-05T10:05:58.332Z] <<< [apiv2][status] GET https://firebasehosting.googleapis.com/v1beta1/projects/railway-reservation-csbs/sites 200
[debug] [2024-11-05T10:05:58.332Z] <<< [apiv2][body] GET https://firebasehosting.googleapis.com/v1beta1/projects/railway-reservation-csbs/sites {"sites":[{"name":"projects/railway-reservation-csbs/sites/railway-reservation-csbs","defaultUrl":"https://railway-reservation-csbs.web.app","type":"DEFAULT_SITE"},{"name":"projects/railway-reservation-csbs/sites/railways-csbs","defaultUrl":"https://railways-csbs.web.app","appId":"1:423531585880:web:f11489659968489728452d","type":"USER_SITE"}]}
[debug] [2024-11-05T10:05:58.333Z] Checked if tokens are valid: true, expires at: 1730803143042
[debug] [2024-11-05T10:05:58.333Z] Checked if tokens are valid: true, expires at: 1730803143042
[debug] [2024-11-05T10:05:58.333Z] >>> [apiv2][query] GET https://firebase.googleapis.com/v1beta1/projects/railway-reservation-csbs/webApps/-/config [none]
[debug] [2024-11-05T10:05:59.058Z] <<< [apiv2][status] GET https://firebase.googleapis.com/v1beta1/projects/railway-reservation-csbs/webApps/-/config 200
[debug] [2024-11-05T10:05:59.058Z] <<< [apiv2][body] GET https://firebase.googleapis.com/v1beta1/projects/railway-reservation-csbs/webApps/-/config {"projectId":"railway-reservation-csbs","appId":"1:423531585880:web:f11489659968489728452d","databaseURL":"https://railway-reservation-csbs-default-rtdb.asia-southeast1.firebasedatabase.app","storageBucket":"railway-reservation-csbs.firebasestorage.app","apiKey":"AIzaSyCJeSwlUc16LaCpbuoB20KBPzk1lTie5kQ","authDomain":"railway-reservation-csbs.firebaseapp.com","messagingSenderId":"423531585880","measurementId":"G-QPQJEZRD4T"}
[info] 
   Thank you for trying our early preview of Next.js support on Firebase Hosting.
   During the preview, support is best-effort and breaking changes can be expected. Proceed with caution.

   Documentation: https://firebase.google.com/docs/hosting/frameworks/nextjs
   File a bug: https://github.com/firebase/firebase-tools/issues/new?template=bug_report.md
   Submit a feature request: https://github.com/firebase/firebase-tools/issues/new?template=feature_request.md

   We'd love to learn from you. Express your interest in helping us shape the future of Firebase Hosting: https://goo.gle/41enW5X

[debug] [2024-11-05T10:06:11.713Z] Checked if tokens are valid: true, expires at: 1730803143042
[debug] [2024-11-05T10:06:11.714Z] Checked if tokens are valid: true, expires at: 1730803143042
[debug] [2024-11-05T10:06:11.714Z] >>> [apiv2][query] GET https://firebasehosting.googleapis.com/v1beta1/projects/railway-reservation-csbs/sites/railway-reservation-csbs [none]
[debug] [2024-11-05T10:06:12.988Z] <<< [apiv2][status] GET https://firebasehosting.googleapis.com/v1beta1/projects/railway-reservation-csbs/sites/railway-reservation-csbs 200
[debug] [2024-11-05T10:06:12.988Z] <<< [apiv2][body] GET https://firebasehosting.googleapis.com/v1beta1/projects/railway-reservation-csbs/sites/railway-reservation-csbs {"name":"projects/railway-reservation-csbs/sites/railway-reservation-csbs","defaultUrl":"https://railway-reservation-csbs.web.app","type":"DEFAULT_SITE"}
[info]    ▲ Next.js 14.1.3

[info] 

